<?xml version="1.0" encoding="UTF-8"?>
<!-- Generated by org.testng.reporters.JUnitReportReporter -->
<testsuite hostname="DESKTOP-47QOTDC" name="tests.FreeCRMRunner" tests="1" failures="0" timestamp="19 Mar 2018 17:12:30 GMT" time="69.921" errors="0">
  <testcase name="gettingData" time="69.921" classname="tests.FreeCRMRunner"/>
</testsuite> <!-- tests.FreeCRMRunner -->
